This is pdfTeX, Version 3.1415926-2.3-1.40.12 (MiKTeX 2.9) (preloaded format=pdftex 2012.2.1)  4 JAN 2013 14:08
entering extended mode
**C:/Products/C2ForthKit.120/doc/manual.tex
(C:/Products/C2ForthKit.120/doc/manual.tex
(C:\MyApps\MikTex29\tex\texinfo\base\texinfo.tex
Loading texinfo [version 2012-01-19.16]:
\bindingoffset=\dimen16
\normaloffset=\dimen17
\pagewidth=\dimen18
\pageheight=\dimen19
\outerhsize=\dimen20
\outervsize=\dimen21
\cornerlong=\dimen22
\cornerthick=\dimen23
\topandbottommargin=\dimen24
\headlinebox=\box16
\footlinebox=\box17
\margin=\insert252
\EMsimple=\toks12
\groupbox=\box18
\groupinvalidhelp=\toks13
\mil=\dimen25
\exdentamount=\skip18
\inmarginspacing=\skip19
 pdf,
\tempnum=\count26
\lnkcount=\count27
\filename=\toks14
\filenamelength=\count28
\pgn=\count29
\toksA=\toks15
\toksB=\toks16
\toksC=\toks17
\toksD=\toks18
\boxA=\box19
\countA=\count30
\nopdfimagehelp=\toks19
 fonts,
\sffam=\fam8
\textleading=\dimen26
 markup,
\fontdepth=\count31
 glyphs,
\errorbox=\box20

page headings,
\titlepagetopglue=\skip20
\titlepagebottomglue=\skip21
\evenheadline=\toks20
\oddheadline=\toks21
\evenfootline=\toks22
\oddfootline=\toks23
 tables,
\tableindent=\dimen27
\itemindent=\dimen28
\itemmargin=\dimen29
\itemmax=\dimen30
\itemno=\count32
\multitableparskip=\skip22
\multitableparindent=\skip23
\multitablecolspace=\dimen31
\multitablelinespace=\skip24
\colcount=\count33
\everytab=\toks24
 conditionals,
\doignorecount=\count34
 indexing,
\whatsitskip=\skip25
\whatsitpenalty=\count35
\secondaryindent=\skip26
\partialpage=\box21
\doublecolumnhsize=\dimen32
 sectioning,
\unnumberedno=\count36
\chapno=\count37
\secno=\count38
\subsecno=\count39
\subsubsecno=\count40
\appendixno=\count41
\absseclevel=\count42
\secbase=\count43
\chapheadingskip=\skip27
\secheadingskip=\skip28
\subsecheadingskip=\skip29
 toc,
\tocfile=\write0
\contentsrightmargin=\skip30
\savepageno=\count44
\lastnegativepageno=\count45
\tocindent=\dimen33
 environments,
\lispnarrowing=\skip31
\envskipamount=\skip32
\circthick=\dimen34
\cartouter=\dimen35
\cartinner=\dimen36
\normbskip=\skip33
\normpskip=\skip34
\normlskip=\skip35
\lskip=\skip36
\rskip=\skip37
\nonfillparindent=\dimen37
\tabw=\dimen38
\verbbox=\box22

defuns,
\defbodyindent=\skip38
\defargsindent=\skip39
\deflastargmargin=\skip40
\defunpenalty=\count46
\parencount=\count47
\brackcount=\count48
 macros,
\paramno=\count49
\macname=\toks25
 cross references,
\auxfile=\write1
\savesfregister=\count50
\topbox=\box23
\printedrefnamebox=\box24
\printedmanualbox=\box25
 insertions,
\footnoteno=\count51
\SAVEfootins=\box26
\SAVEmargin=\box27

(C:\MyApps\MikTex29\tex\generic\epsf\epsf.tex
This is `epsf.tex' v2.7.4 <14 February 2011>
\epsffilein=\read0
\epsfframemargin=\dimen39
\epsfframethickness=\dimen40
\epsfrsize=\dimen41
\epsftmp=\dimen42
\epsftsize=\dimen43
\epsfxsize=\dimen44
\epsfysize=\dimen45
\pspoints=\dimen46
)
\noepsfhelp=\toks26
 localization,
\nolanghelp=\toks27
\countUTFx=\count52
\countUTFy=\count53
\countUTFz=\count54
 formatting,
\defaultparindent=\dimen47
 and turning on texinfo input format.)
(C:\Products\C2ForthKit.120\doc\manual.aux)
@cpindfile=@write2
@fnindfile=@write3
@vrindfile=@write4
@tpindfile=@write5
@kyindfile=@write6
@pgindfile=@write7
\sheetno=\count55
texinfo.tex: doing @include of titlepg


(C:\Products\C2ForthKit.120\doc\titlepg.tex <C:/Products/C2ForthKit.120/doc/ber
tie.png (PNG copy)> [1{C:/ProgramData/MiKTeX/2.9/pdftex/config/pdftex.map}]
[2] [3] <C:/Products/C2ForthKit.120/doc/mpelogo.png> [4]
(C:\Products\C2ForthKit.120\doc\manual.toc [-1]) [-2]
(C:\Products\C2ForthKit.120\doc\manual.toc)
(C:\Products\C2ForthKit.120\doc\manual.toc)
\offsetfile=\write8
)
texinfo.tex: doing @include of c2forth


(C:\Products\C2ForthKit.120\doc\c2forth.tex Chapter 1 [1])
texinfo.tex: doing @include of limit


(C:\Products\C2ForthKit.120\doc\limit.tex Chapter 2 [2])
texinfo.tex: doing @include of coutput


(C:\Products\C2ForthKit.120\doc\coutput.tex Chapter 3 [3] [4] [5] [6] [7]
[8] [9])
texinfo.tex: doing @include of harness

 (C:\Products\C2ForthKit.120\doc\harness.tex Chapter 4 [10] [11]
[12] [13] [14] [15] [16])
texinfo.tex: doing @include of libs

 (C:\Products\C2ForthKit.120\doc\libs.tex Chapter 5
[17] [18])
texinfo.tex: doing @include of libc

 (C:\Products\C2ForthKit.120\doc\libc.tex Chapter 6 [19] [20]
[21] [22] [23] [24])
texinfo.tex: doing @include of use

 (C:\Products\C2ForthKit.120\doc\use.tex Chapter 7 [25]
[26] [27]) ({Index}) [28] (C:\Products\C2ForthKit.120\doc\manual.fns [29])
[30] ) 
Here is how much of TeX's memory you used:
 1971 strings out of 497533
 23867 string characters out of 3209606
 81285 words of memory out of 3000000
 2888 multiletter control sequences out of 15000+200000
 32127 words of font info for 112 fonts, out of 3000000 for 9000
 51 hyphenation exceptions out of 8191
 17i,6n,13p,292b,564s stack positions out of 5000i,500n,10000p,200000b,50000s
<C:/MyApps/MikTex29/fonts/type1/public/amsfonts/cm/cmb10.pfb><C:/MyApps/M
ikTex29/fonts/type1/public/amsfonts/cm/cmbx12.pfb><C:/MyApps/MikTex29/fonts/typ
e1/public/amsfonts/cm/cmmi10.pfb><C:/MyApps/MikTex29/fonts/type1/public/amsfont
s/cm/cmmi12.pfb><C:/MyApps/MikTex29/fonts/type1/public/amsfonts/cm/cmmi9.pfb><C
:/MyApps/MikTex29/fonts/type1/public/amsfonts/cm/cmr10.pfb><C:/MyApps/MikTex29/
fonts/type1/public/amsfonts/cm/cmr9.pfb><C:/MyApps/MikTex29/fonts/type1/public/
amsfonts/cm/cmsy10.pfb><C:/MyApps/MikTex29/fonts/type1/public/amsfonts/cm/cmti1
0.pfb><C:/MyApps/MikTex29/fonts/type1/public/amsfonts/cm/cmtt10.pfb><C:/MyApps/
MikTex29/fonts/type1/public/amsfonts/cm/cmtt12.pfb><C:/MyApps/MikTex29/fonts/ty
pe1/public/amsfonts/cm/cmtt9.pfb><C:/MyApps/MikTex29/fonts/type1/public/amsfont
s/latxfont/lcircle1.pfb>
Output written on manual.pdf (36 pages, 341638 bytes).
PDF statistics:
 561 PDF objects out of 1000 (max. 8388607)
 32 named destinations out of 1000 (max. 500000)
 479 words of extra memory for PDF output out of 10000 (max. 10000000)

