790 =: DROP 
1244 =: CFND 
1238 =: >, 
1226 =: FND 
1218 =: ,< 
1216 =: T;` 
1204 =: @EVAL 
1198 =: EVAL 
1196 =: SEVAL 
1192 =: (MAC 
1180 =: |OP 
1176 =: 2- 
1172 =: !- 
1162 =: (=: 
1154 =: =H 
1152 =: :! 
1148 =: : 
1106 =: PARSE 
1086 =: S>"! 
1084 =: S>TB! 
1082 =: WORD 
1078 =: C@ 
1076 =: ?C@ 
1072 =: TOKEN 
1070 =: TOKEN? 
1054 =: MOVE> 
1048 =: MPUSH 
1042 =: H>T 
1038 =: vLIT, 
1036 =: ">NUMC 
1028 =: ">NUM 
1022 =: ?? 
1020 =: N?? 
1018 =: |N?? 
1010 =: (!" 
1008 =: (0" 
1006 =: (;" 
1000 =: 0; 
998 =: 0<>; 
988 =: ("SKIP 
984 =: EVEN 
982 =: ALIGN 
978 =: STR^ 
974 =: ,; 
968 =: !+ 
966 =: , 
962 =: @, 
960 =: (@, 
956 =: MOBJ 
950 =: <M> 
946 =: BL 
942 =: 0 
938 =: TBUF 
934 =: 4TH 
928 =: ERROR 
922 =: T 
914 =: |T 
910 =: H 
904 =: |H 
900 =: ETIB 
894 =: LTIB 
888 =: |LTIB 
884 =: LOXEC 
878 =: LOCATOR 
876 =: 2EXIT 
864 =: TIMES| 
860 =: TIMES 
858 =: .TIMES 
854 =: STR| 
852 =: (RNG| 
848 =: |DROP 
846 =: EXECUTE 
844 =: EXEC 
838 =: (XARY 
836 =: EXIT 
832 =: @ 
822 =: @+ 
820 =: STR 
814 =: SWAP 
812 =: SWAP| 
808 =: POP!; 
806 =: ! 
800 =: (!| 
796 =: 2+ 
792 =: (D#1 
788 =: + 
786 =: 2* 
782 =: - 
780 =: OVER- 
778 =: RANGE>S 
770 =: NOP 
768 =: (LIT 
288 =: TRON 
286 =: BYE 
284 =: 1+ 
280 =: HI# 
274 =: QUIT 
385 =: (XR 
389 =: (XA 
357 =: (WARY 
719 =: (W>B 
828 =: (VAR2 
455 =: (U< 
475 =: (U1+ 
299 =: (TROFF; 
445 =: (SP@ 
331 =: (SKIP 
804 =: (SET2 
443 =: (RP@ 
319 =: (RDRP; 
353 =: (QARY 
309 =: (PUSH; 
431 =: (PUSH 
363 =: (POP; 
453 =: (POP 
451 =: (OVER 
513 =: (NOT 
399 =: (NOP 
335 =: (NEXT 
505 =: (NEG 
501 =: (NAND 
355 =: (LARY 
349 =: (JUMP 
435 =: (J 
411 =: (IO; 
343 =: (IF- 
325 =: (IF 
347 =: (FOR 
395 =: (EX 
447 =: (DUP 
311 =: (DROP; 
429 =: (DROP 
495 =: (D2/ 
772 =: (D#0 
723 =: (CSTR 
834 =: (CON 
257 =: (COLD 
707 =: (C@A+ 
715 =: (C@ 
699 =: (C!R+ 
695 =: (BR 
425 =: (BE 
359 =: (BARY 
441 =: (A@ 
703 =: (A! 
373 =: (@R+ 
321 =: (@+; 
313 =: (@&; 
361 =: (; 
317 =: (2RDRP; 
307 =: (2PUSH; 
483 =: (2/ 
509 =: (0= 
459 =: (0< 
465 =: (-/ 
479 =: (+2/ 
487 =: (+* 
768 =: (# 
367 =: (!R+ 
1156 =: =: 
